{"/Users/Simo/Desktop/WEBDEV/bazaar-react/models/Enums.js": {"path":"/Users/Simo/Desktop/WEBDEV/bazaar-react/models/Enums.js","statementMap":{"0":{"start":{"line":1,"column":0},"end":{"line":7,"column":2}},"1":{"start":{"line":9,"column":0},"end":{"line":13,"column":2}}},"fnMap":{},"branchMap":{},"s":{"0":2,"1":2},"f":{},"b":{},"_coverageSchema":"332fd63041d2c1bcb487cc26dd0d5f7d97098a6c","hash":"cbe491ef27ee68c62085e39c847bd7163893c129"}
,"/Users/Simo/Desktop/WEBDEV/bazaar-react/modules/AcceptanceModal/AcceptanceModal.js": {"path":"/Users/Simo/Desktop/WEBDEV/bazaar-react/modules/AcceptanceModal/AcceptanceModal.js","statementMap":{"0":{"start":{"line":9,"column":4},"end":{"line":9,"column":17}},"1":{"start":{"line":10,"column":4},"end":{"line":12,"column":6}},"2":{"start":{"line":16,"column":35},"end":{"line":16,"column":45}},"3":{"start":{"line":17,"column":22},"end":{"line":17,"column":32}},"4":{"start":{"line":18,"column":4},"end":{"line":83,"column":6}},"5":{"start":{"line":20,"column":49},"end":{"line":20,"column":83}},"6":{"start":{"line":21,"column":70},"end":{"line":21,"column":105}},"7":{"start":{"line":58,"column":33},"end":{"line":58,"column":75}},"8":{"start":{"line":65,"column":35},"end":{"line":65,"column":70}},"9":{"start":{"line":72,"column":31},"end":{"line":72,"column":67}},"10":{"start":{"line":72,"column":68},"end":{"line":72,"column":103}},"11":{"start":{"line":87,"column":0},"end":{"line":90,"column":2}},"12":{"start":{"line":92,"column":0},"end":{"line":95,"column":2}}},"fnMap":{"0":{"name":"(anonymous_0)","decl":{"start":{"line":8,"column":2},"end":{"line":8,"column":3}},"loc":{"start":{"line":8,"column":21},"end":{"line":13,"column":3}},"line":8},"1":{"name":"(anonymous_1)","decl":{"start":{"line":15,"column":2},"end":{"line":15,"column":3}},"loc":{"start":{"line":15,"column":11},"end":{"line":84,"column":3}},"line":15},"2":{"name":"(anonymous_2)","decl":{"start":{"line":20,"column":43},"end":{"line":20,"column":44}},"loc":{"start":{"line":20,"column":49},"end":{"line":20,"column":83}},"line":20},"3":{"name":"(anonymous_3)","decl":{"start":{"line":21,"column":64},"end":{"line":21,"column":65}},"loc":{"start":{"line":21,"column":70},"end":{"line":21,"column":105}},"line":21},"4":{"name":"(anonymous_4)","decl":{"start":{"line":58,"column":28},"end":{"line":58,"column":29}},"loc":{"start":{"line":58,"column":33},"end":{"line":58,"column":75}},"line":58},"5":{"name":"(anonymous_5)","decl":{"start":{"line":65,"column":29},"end":{"line":65,"column":30}},"loc":{"start":{"line":65,"column":35},"end":{"line":65,"column":70}},"line":65},"6":{"name":"(anonymous_6)","decl":{"start":{"line":72,"column":23},"end":{"line":72,"column":24}},"loc":{"start":{"line":72,"column":29},"end":{"line":72,"column":105}},"line":72},"7":{"name":"(anonymous_7)","decl":{"start":{"line":89,"column":18},"end":{"line":89,"column":19}},"loc":{"start":{"line":89,"column":24},"end":{"line":89,"column":26}},"line":89}},"branchMap":{},"s":{"0":1,"1":1,"2":4,"3":4,"4":4,"5":0,"6":0,"7":0,"8":0,"9":0,"10":0,"11":1,"12":1},"f":{"0":1,"1":4,"2":0,"3":0,"4":0,"5":0,"6":0,"7":0},"b":{},"_coverageSchema":"332fd63041d2c1bcb487cc26dd0d5f7d97098a6c","hash":"33d095ac744eca9bf894853a727b76460581bf2a"}
,"/Users/Simo/Desktop/WEBDEV/bazaar-react/modules/App/App.js": {"path":"/Users/Simo/Desktop/WEBDEV/bazaar-react/modules/App/App.js","statementMap":{"0":{"start":{"line":16,"column":4},"end":{"line":16,"column":17}},"1":{"start":{"line":17,"column":4},"end":{"line":19,"column":6}},"2":{"start":{"line":23,"column":52},"end":{"line":23,"column":62}},"3":{"start":{"line":24,"column":28},"end":{"line":24,"column":38}},"4":{"start":{"line":25,"column":4},"end":{"line":55,"column":6}},"5":{"start":{"line":31,"column":36},"end":{"line":31,"column":58}},"6":{"start":{"line":41,"column":27},"end":{"line":41,"column":71}},"7":{"start":{"line":59,"column":24},"end":{"line":61,"column":2}},"8":{"start":{"line":59,"column":34},"end":{"line":61,"column":1}},"9":{"start":{"line":63,"column":0},"end":{"line":68,"column":2}},"10":{"start":{"line":69,"column":0},"end":{"line":74,"column":2}}},"fnMap":{"0":{"name":"(anonymous_0)","decl":{"start":{"line":15,"column":2},"end":{"line":15,"column":3}},"loc":{"start":{"line":15,"column":21},"end":{"line":20,"column":3}},"line":15},"1":{"name":"(anonymous_1)","decl":{"start":{"line":22,"column":2},"end":{"line":22,"column":3}},"loc":{"start":{"line":22,"column":11},"end":{"line":56,"column":3}},"line":22},"2":{"name":"(anonymous_2)","decl":{"start":{"line":31,"column":30},"end":{"line":31,"column":31}},"loc":{"start":{"line":31,"column":36},"end":{"line":31,"column":58}},"line":31},"3":{"name":"(anonymous_3)","decl":{"start":{"line":41,"column":21},"end":{"line":41,"column":22}},"loc":{"start":{"line":41,"column":27},"end":{"line":41,"column":71}},"line":41},"4":{"name":"(anonymous_4)","decl":{"start":{"line":59,"column":24},"end":{"line":59,"column":25}},"loc":{"start":{"line":59,"column":34},"end":{"line":61,"column":1}},"line":59},"5":{"name":"(anonymous_5)","decl":{"start":{"line":73,"column":13},"end":{"line":73,"column":14}},"loc":{"start":{"line":73,"column":19},"end":{"line":73,"column":21}},"line":73}},"branchMap":{"0":{"loc":{"start":{"line":36,"column":12},"end":{"line":38,"column":27}},"type":"binary-expr","locations":[{"start":{"line":36,"column":12},"end":{"line":36,"column":37}},{"start":{"line":37,"column":15},"end":{"line":37,"column":30}},{"start":{"line":38,"column":15},"end":{"line":38,"column":27}}],"line":36}},"s":{"0":0,"1":0,"2":0,"3":0,"4":0,"5":0,"6":0,"7":1,"8":0,"9":1,"10":1},"f":{"0":0,"1":0,"2":0,"3":0,"4":0,"5":0},"b":{"0":[0,0,0]},"_coverageSchema":"332fd63041d2c1bcb487cc26dd0d5f7d97098a6c","hash":"df5c2b4d8b129e81125c1e4cf8dcdbce9b6c5478"}
,"/Users/Simo/Desktop/WEBDEV/bazaar-react/modules/CardGrid/CardGrid.js": {"path":"/Users/Simo/Desktop/WEBDEV/bazaar-react/modules/CardGrid/CardGrid.js","statementMap":{"0":{"start":{"line":7,"column":23},"end":{"line":11,"column":1}},"1":{"start":{"line":15,"column":4},"end":{"line":15,"column":27}},"2":{"start":{"line":19,"column":17},"end":{"line":19,"column":31}},"3":{"start":{"line":20,"column":22},"end":{"line":20,"column":63}},"4":{"start":{"line":21,"column":18},"end":{"line":21,"column":39}},"5":{"start":{"line":22,"column":4},"end":{"line":26,"column":5}},"6":{"start":{"line":23,"column":6},"end":{"line":23,"column":25}},"7":{"start":{"line":25,"column":6},"end":{"line":25,"column":33}},"8":{"start":{"line":27,"column":4},"end":{"line":31,"column":5}},"9":{"start":{"line":28,"column":6},"end":{"line":28,"column":35}},"10":{"start":{"line":30,"column":6},"end":{"line":30,"column":58}},"11":{"start":{"line":30,"column":29},"end":{"line":30,"column":56}},"12":{"start":{"line":33,"column":4},"end":{"line":33,"column":35}},"13":{"start":{"line":37,"column":48},"end":{"line":37,"column":58}},"14":{"start":{"line":38,"column":4},"end":{"line":40,"column":5}},"15":{"start":{"line":39,"column":6},"end":{"line":39,"column":37}},"16":{"start":{"line":41,"column":4},"end":{"line":55,"column":6}},"17":{"start":{"line":45,"column":12},"end":{"line":50,"column":14}},"18":{"start":{"line":46,"column":39},"end":{"line":46,"column":68}},"19":{"start":{"line":59,"column":0},"end":{"line":66,"column":2}},"20":{"start":{"line":68,"column":0},"end":{"line":75,"column":2}}},"fnMap":{"0":{"name":"(anonymous_0)","decl":{"start":{"line":14,"column":2},"end":{"line":14,"column":3}},"loc":{"start":{"line":14,"column":23},"end":{"line":16,"column":3}},"line":14},"1":{"name":"(anonymous_1)","decl":{"start":{"line":18,"column":2},"end":{"line":18,"column":3}},"loc":{"start":{"line":18,"column":21},"end":{"line":34,"column":3}},"line":18},"2":{"name":"(anonymous_2)","decl":{"start":{"line":30,"column":24},"end":{"line":30,"column":25}},"loc":{"start":{"line":30,"column":29},"end":{"line":30,"column":56}},"line":30},"3":{"name":"(anonymous_3)","decl":{"start":{"line":36,"column":2},"end":{"line":36,"column":3}},"loc":{"start":{"line":36,"column":11},"end":{"line":56,"column":3}},"line":36},"4":{"name":"(anonymous_4)","decl":{"start":{"line":44,"column":21},"end":{"line":44,"column":22}},"loc":{"start":{"line":45,"column":12},"end":{"line":50,"column":14}},"line":45},"5":{"name":"(anonymous_5)","decl":{"start":{"line":46,"column":33},"end":{"line":46,"column":34}},"loc":{"start":{"line":46,"column":39},"end":{"line":46,"column":68}},"line":46},"6":{"name":"(anonymous_6)","decl":{"start":{"line":71,"column":13},"end":{"line":71,"column":14}},"loc":{"start":{"line":71,"column":19},"end":{"line":71,"column":21}},"line":71},"7":{"name":"(anonymous_7)","decl":{"start":{"line":73,"column":16},"end":{"line":73,"column":17}},"loc":{"start":{"line":73,"column":22},"end":{"line":73,"column":24}},"line":73},"8":{"name":"(anonymous_8)","decl":{"start":{"line":74,"column":17},"end":{"line":74,"column":18}},"loc":{"start":{"line":74,"column":23},"end":{"line":74,"column":25}},"line":74}},"branchMap":{"0":{"loc":{"start":{"line":22,"column":4},"end":{"line":26,"column":5}},"type":"if","locations":[{"start":{"line":22,"column":4},"end":{"line":26,"column":5}},{"start":{"line":22,"column":4},"end":{"line":26,"column":5}}],"line":22},"1":{"loc":{"start":{"line":27,"column":4},"end":{"line":31,"column":5}},"type":"if","locations":[{"start":{"line":27,"column":4},"end":{"line":31,"column":5}},{"start":{"line":27,"column":4},"end":{"line":31,"column":5}}],"line":27},"2":{"loc":{"start":{"line":38,"column":4},"end":{"line":40,"column":5}},"type":"if","locations":[{"start":{"line":38,"column":4},"end":{"line":40,"column":5}},{"start":{"line":38,"column":4},"end":{"line":40,"column":5}}],"line":38},"3":{"loc":{"start":{"line":38,"column":8},"end":{"line":38,"column":28}},"type":"binary-expr","locations":[{"start":{"line":38,"column":8},"end":{"line":38,"column":14}},{"start":{"line":38,"column":18},"end":{"line":38,"column":28}}],"line":38}},"s":{"0":1,"1":1,"2":0,"3":0,"4":0,"5":0,"6":0,"7":0,"8":0,"9":0,"10":0,"11":0,"12":0,"13":3,"14":3,"15":1,"16":2,"17":0,"18":0,"19":1,"20":1},"f":{"0":1,"1":0,"2":0,"3":3,"4":0,"5":0,"6":1,"7":0,"8":0},"b":{"0":[0,0],"1":[0,0],"2":[1,2],"3":[3,3]},"_coverageSchema":"332fd63041d2c1bcb487cc26dd0d5f7d97098a6c","hash":"58416850384a6ed04e0e6b507d223045e234219f"}
,"/Users/Simo/Desktop/WEBDEV/bazaar-react/modules/CircularImage/CircularImage.js": {"path":"/Users/Simo/Desktop/WEBDEV/bazaar-react/modules/CircularImage/CircularImage.js","statementMap":{"0":{"start":{"line":5,"column":23},"end":{"line":5,"column":28}},"1":{"start":{"line":6,"column":2},"end":{"line":10,"column":4}},"2":{"start":{"line":13,"column":0},"end":{"line":15,"column":2}},"3":{"start":{"line":17,"column":0},"end":{"line":19,"column":2}}},"fnMap":{"0":{"name":"CircularImage","decl":{"start":{"line":4,"column":24},"end":{"line":4,"column":37}},"loc":{"start":{"line":4,"column":45},"end":{"line":11,"column":1}},"line":4}},"branchMap":{},"s":{"0":2,"1":2,"2":1,"3":1},"f":{"0":2},"b":{},"_coverageSchema":"332fd63041d2c1bcb487cc26dd0d5f7d97098a6c","hash":"712210892e196a5ea3d8f952c15851314db87815"}
,"/Users/Simo/Desktop/WEBDEV/bazaar-react/modules/QueryBox/QueryBox.js": {"path":"/Users/Simo/Desktop/WEBDEV/bazaar-react/modules/QueryBox/QueryBox.js","statementMap":{"0":{"start":{"line":15,"column":17},"end":{"line":36,"column":2}},"1":{"start":{"line":38,"column":25},"end":{"line":38,"column":27}},"2":{"start":{"line":42,"column":4},"end":{"line":42,"column":17}},"3":{"start":{"line":43,"column":4},"end":{"line":48,"column":6}},"4":{"start":{"line":49,"column":4},"end":{"line":49,"column":49}},"5":{"start":{"line":53,"column":35},"end":{"line":53,"column":45}},"6":{"start":{"line":54,"column":30},"end":{"line":54,"column":34}},"7":{"start":{"line":55,"column":19},"end":{"line":55,"column":38}},"8":{"start":{"line":56,"column":4},"end":{"line":80,"column":38}},"9":{"start":{"line":57,"column":24},"end":{"line":57,"column":39}},"10":{"start":{"line":60,"column":8},"end":{"line":78,"column":10}},"11":{"start":{"line":66,"column":29},"end":{"line":66,"column":74}},"12":{"start":{"line":67,"column":27},"end":{"line":67,"column":62}},"13":{"start":{"line":71,"column":12},"end":{"line":76,"column":14}},"14":{"start":{"line":74,"column":29},"end":{"line":74,"column":74}},"15":{"start":{"line":75,"column":27},"end":{"line":75,"column":62}},"16":{"start":{"line":80,"column":20},"end":{"line":80,"column":36}},"17":{"start":{"line":84,"column":30},"end":{"line":84,"column":45}},"18":{"start":{"line":85,"column":69},"end":{"line":85,"column":79}},"19":{"start":{"line":86,"column":4},"end":{"line":175,"column":6}},"20":{"start":{"line":106,"column":28},"end":{"line":106,"column":97}},"21":{"start":{"line":107,"column":14},"end":{"line":114,"column":24}},"22":{"start":{"line":110,"column":33},"end":{"line":110,"column":82}},"23":{"start":{"line":124,"column":27},"end":{"line":124,"column":60}},"24":{"start":{"line":125,"column":30},"end":{"line":125,"column":63}},"25":{"start":{"line":133,"column":35},"end":{"line":133,"column":73}},"26":{"start":{"line":141,"column":16},"end":{"line":143,"column":17}},"27":{"start":{"line":142,"column":18},"end":{"line":142,"column":25}},"28":{"start":{"line":144,"column":16},"end":{"line":148,"column":19}},"29":{"start":{"line":147,"column":47},"end":{"line":147,"column":54}},"30":{"start":{"line":157,"column":35},"end":{"line":157,"column":59}},"31":{"start":{"line":171,"column":25},"end":{"line":171,"column":58}},"32":{"start":{"line":172,"column":27},"end":{"line":172,"column":65}},"33":{"start":{"line":172,"column":66},"end":{"line":172,"column":78}},"34":{"start":{"line":178,"column":0},"end":{"line":183,"column":2}},"35":{"start":{"line":185,"column":0},"end":{"line":190,"column":2}},"36":{"start":{"line":193,"column":24},"end":{"line":197,"column":1}},"37":{"start":{"line":194,"column":2},"end":{"line":196,"column":4}}},"fnMap":{"0":{"name":"(anonymous_0)","decl":{"start":{"line":41,"column":2},"end":{"line":41,"column":3}},"loc":{"start":{"line":41,"column":21},"end":{"line":50,"column":3}},"line":41},"1":{"name":"(anonymous_1)","decl":{"start":{"line":52,"column":2},"end":{"line":52,"column":3}},"loc":{"start":{"line":52,"column":20},"end":{"line":81,"column":3}},"line":52},"2":{"name":"(anonymous_2)","decl":{"start":{"line":57,"column":12},"end":{"line":57,"column":13}},"loc":{"start":{"line":57,"column":24},"end":{"line":57,"column":39}},"line":57},"3":{"name":"(anonymous_3)","decl":{"start":{"line":59,"column":12},"end":{"line":59,"column":13}},"loc":{"start":{"line":59,"column":20},"end":{"line":79,"column":7}},"line":59},"4":{"name":"(anonymous_4)","decl":{"start":{"line":66,"column":24},"end":{"line":66,"column":25}},"loc":{"start":{"line":66,"column":29},"end":{"line":66,"column":74}},"line":66},"5":{"name":"(anonymous_5)","decl":{"start":{"line":67,"column":21},"end":{"line":67,"column":22}},"loc":{"start":{"line":67,"column":27},"end":{"line":67,"column":62}},"line":67},"6":{"name":"(anonymous_6)","decl":{"start":{"line":70,"column":28},"end":{"line":70,"column":29}},"loc":{"start":{"line":70,"column":33},"end":{"line":77,"column":11}},"line":70},"7":{"name":"(anonymous_7)","decl":{"start":{"line":74,"column":24},"end":{"line":74,"column":25}},"loc":{"start":{"line":74,"column":29},"end":{"line":74,"column":74}},"line":74},"8":{"name":"(anonymous_8)","decl":{"start":{"line":75,"column":21},"end":{"line":75,"column":22}},"loc":{"start":{"line":75,"column":27},"end":{"line":75,"column":62}},"line":75},"9":{"name":"(anonymous_9)","decl":{"start":{"line":80,"column":13},"end":{"line":80,"column":14}},"loc":{"start":{"line":80,"column":20},"end":{"line":80,"column":36}},"line":80},"10":{"name":"(anonymous_10)","decl":{"start":{"line":83,"column":2},"end":{"line":83,"column":3}},"loc":{"start":{"line":83,"column":11},"end":{"line":176,"column":3}},"line":83},"11":{"name":"(anonymous_11)","decl":{"start":{"line":104,"column":18},"end":{"line":104,"column":19}},"loc":{"start":{"line":104,"column":25},"end":{"line":115,"column":13}},"line":104},"12":{"name":"(anonymous_12)","decl":{"start":{"line":110,"column":27},"end":{"line":110,"column":28}},"loc":{"start":{"line":110,"column":33},"end":{"line":110,"column":82}},"line":110},"13":{"name":"(anonymous_13)","decl":{"start":{"line":124,"column":22},"end":{"line":124,"column":23}},"loc":{"start":{"line":124,"column":27},"end":{"line":124,"column":60}},"line":124},"14":{"name":"(anonymous_14)","decl":{"start":{"line":125,"column":25},"end":{"line":125,"column":26}},"loc":{"start":{"line":125,"column":30},"end":{"line":125,"column":63}},"line":125},"15":{"name":"(anonymous_15)","decl":{"start":{"line":133,"column":29},"end":{"line":133,"column":30}},"loc":{"start":{"line":133,"column":35},"end":{"line":133,"column":73}},"line":133},"16":{"name":"(anonymous_16)","decl":{"start":{"line":140,"column":23},"end":{"line":140,"column":24}},"loc":{"start":{"line":140,"column":29},"end":{"line":149,"column":15}},"line":140},"17":{"name":"(anonymous_17)","decl":{"start":{"line":147,"column":42},"end":{"line":147,"column":43}},"loc":{"start":{"line":147,"column":47},"end":{"line":147,"column":54}},"line":147},"18":{"name":"(anonymous_18)","decl":{"start":{"line":157,"column":29},"end":{"line":157,"column":30}},"loc":{"start":{"line":157,"column":35},"end":{"line":157,"column":59}},"line":157},"19":{"name":"(anonymous_19)","decl":{"start":{"line":171,"column":20},"end":{"line":171,"column":21}},"loc":{"start":{"line":171,"column":25},"end":{"line":171,"column":58}},"line":171},"20":{"name":"(anonymous_20)","decl":{"start":{"line":172,"column":19},"end":{"line":172,"column":20}},"loc":{"start":{"line":172,"column":25},"end":{"line":172,"column":80}},"line":172},"21":{"name":"(anonymous_21)","decl":{"start":{"line":187,"column":13},"end":{"line":187,"column":14}},"loc":{"start":{"line":187,"column":19},"end":{"line":187,"column":21}},"line":187},"22":{"name":"(anonymous_22)","decl":{"start":{"line":188,"column":15},"end":{"line":188,"column":16}},"loc":{"start":{"line":188,"column":21},"end":{"line":188,"column":23}},"line":188},"23":{"name":"(anonymous_23)","decl":{"start":{"line":193,"column":24},"end":{"line":193,"column":25}},"loc":{"start":{"line":193,"column":38},"end":{"line":197,"column":1}},"line":193}},"branchMap":{"0":{"loc":{"start":{"line":88,"column":42},"end":{"line":88,"column":71}},"type":"cond-expr","locations":[{"start":{"line":88,"column":57},"end":{"line":88,"column":66}},{"start":{"line":88,"column":69},"end":{"line":88,"column":71}}],"line":88},"1":{"loc":{"start":{"line":106,"column":44},"end":{"line":106,"column":95}},"type":"cond-expr","locations":[{"start":{"line":106,"column":80},"end":{"line":106,"column":90}},{"start":{"line":106,"column":93},"end":{"line":106,"column":95}}],"line":106},"2":{"loc":{"start":{"line":141,"column":16},"end":{"line":143,"column":17}},"type":"if","locations":[{"start":{"line":141,"column":16},"end":{"line":143,"column":17}},{"start":{"line":141,"column":16},"end":{"line":143,"column":17}}],"line":141}},"s":{"0":1,"1":1,"2":0,"3":0,"4":0,"5":0,"6":0,"7":0,"8":0,"9":0,"10":0,"11":0,"12":0,"13":0,"14":0,"15":0,"16":0,"17":0,"18":0,"19":0,"20":0,"21":0,"22":0,"23":0,"24":0,"25":0,"26":0,"27":0,"28":0,"29":0,"30":0,"31":0,"32":0,"33":0,"34":1,"35":1,"36":1,"37":0},"f":{"0":0,"1":0,"2":0,"3":0,"4":0,"5":0,"6":0,"7":0,"8":0,"9":0,"10":0,"11":0,"12":0,"13":0,"14":0,"15":0,"16":0,"17":0,"18":0,"19":0,"20":0,"21":0,"22":0,"23":0},"b":{"0":[0,0],"1":[0,0],"2":[0,0]},"_coverageSchema":"332fd63041d2c1bcb487cc26dd0d5f7d97098a6c","hash":"f34e0dfea5f82fc541afad401b4bc6e47eac8e30"}
,"/Users/Simo/Desktop/WEBDEV/bazaar-react/modules/RequestButton/RequestButton.js": {"path":"/Users/Simo/Desktop/WEBDEV/bazaar-react/modules/RequestButton/RequestButton.js","statementMap":{"0":{"start":{"line":10,"column":17},"end":{"line":23,"column":2}},"1":{"start":{"line":27,"column":4},"end":{"line":27,"column":17}},"2":{"start":{"line":28,"column":4},"end":{"line":34,"column":6}},"3":{"start":{"line":35,"column":4},"end":{"line":35,"column":43}},"4":{"start":{"line":36,"column":4},"end":{"line":36,"column":41}},"5":{"start":{"line":37,"column":4},"end":{"line":37,"column":45}},"6":{"start":{"line":41,"column":4},"end":{"line":43,"column":7}},"7":{"start":{"line":47,"column":4},"end":{"line":49,"column":7}},"8":{"start":{"line":53,"column":35},"end":{"line":53,"column":45}},"9":{"start":{"line":54,"column":54},"end":{"line":54,"column":64}},"10":{"start":{"line":55,"column":4},"end":{"line":60,"column":5}},"11":{"start":{"line":56,"column":6},"end":{"line":58,"column":9}},"12":{"start":{"line":59,"column":6},"end":{"line":59,"column":13}},"13":{"start":{"line":61,"column":4},"end":{"line":71,"column":7}},"14":{"start":{"line":72,"column":4},"end":{"line":75,"column":7}},"15":{"start":{"line":80,"column":30},"end":{"line":80,"column":45}},"16":{"start":{"line":81,"column":35},"end":{"line":81,"column":45}},"17":{"start":{"line":82,"column":79},"end":{"line":82,"column":89}},"18":{"start":{"line":83,"column":21},"end":{"line":83,"column":23}},"19":{"start":{"line":84,"column":4},"end":{"line":96,"column":5}},"20":{"start":{"line":87,"column":8},"end":{"line":87,"column":33}},"21":{"start":{"line":88,"column":8},"end":{"line":88,"column":14}},"22":{"start":{"line":90,"column":8},"end":{"line":90,"column":36}},"23":{"start":{"line":91,"column":8},"end":{"line":91,"column":14}},"24":{"start":{"line":93,"column":8},"end":{"line":94,"column":81}},"25":{"start":{"line":94,"column":23},"end":{"line":94,"column":79}},"26":{"start":{"line":94,"column":53},"end":{"line":94,"column":58}},"27":{"start":{"line":95,"column":8},"end":{"line":95,"column":14}},"28":{"start":{"line":97,"column":4},"end":{"line":198,"column":6}},"29":{"start":{"line":128,"column":20},"end":{"line":135,"column":26}},"30":{"start":{"line":131,"column":37},"end":{"line":131,"column":88}},"31":{"start":{"line":154,"column":37},"end":{"line":154,"column":82}},"32":{"start":{"line":155,"column":18},"end":{"line":163,"column":20}},"33":{"start":{"line":157,"column":37},"end":{"line":157,"column":80}},"34":{"start":{"line":178,"column":31},"end":{"line":178,"column":73}},"35":{"start":{"line":202,"column":0},"end":{"line":207,"column":2}},"36":{"start":{"line":209,"column":0},"end":{"line":214,"column":2}},"37":{"start":{"line":217,"column":2},"end":{"line":219,"column":4}}},"fnMap":{"0":{"name":"(anonymous_0)","decl":{"start":{"line":26,"column":2},"end":{"line":26,"column":3}},"loc":{"start":{"line":26,"column":21},"end":{"line":38,"column":3}},"line":26},"1":{"name":"(anonymous_1)","decl":{"start":{"line":40,"column":2},"end":{"line":40,"column":3}},"loc":{"start":{"line":40,"column":12},"end":{"line":44,"column":3}},"line":40},"2":{"name":"(anonymous_2)","decl":{"start":{"line":46,"column":2},"end":{"line":46,"column":3}},"loc":{"start":{"line":46,"column":11},"end":{"line":50,"column":3}},"line":46},"3":{"name":"(anonymous_3)","decl":{"start":{"line":52,"column":2},"end":{"line":52,"column":3}},"loc":{"start":{"line":52,"column":13},"end":{"line":76,"column":3}},"line":52},"4":{"name":"(anonymous_4)","decl":{"start":{"line":79,"column":2},"end":{"line":79,"column":3}},"loc":{"start":{"line":79,"column":11},"end":{"line":199,"column":3}},"line":79},"5":{"name":"(anonymous_5)","decl":{"start":{"line":94,"column":18},"end":{"line":94,"column":19}},"loc":{"start":{"line":94,"column":23},"end":{"line":94,"column":79}},"line":94},"6":{"name":"(anonymous_6)","decl":{"start":{"line":94,"column":48},"end":{"line":94,"column":49}},"loc":{"start":{"line":94,"column":53},"end":{"line":94,"column":58}},"line":94},"7":{"name":"(anonymous_7)","decl":{"start":{"line":127,"column":24},"end":{"line":127,"column":25}},"loc":{"start":{"line":128,"column":20},"end":{"line":135,"column":26}},"line":128},"8":{"name":"(anonymous_8)","decl":{"start":{"line":131,"column":31},"end":{"line":131,"column":32}},"loc":{"start":{"line":131,"column":37},"end":{"line":131,"column":88}},"line":131},"9":{"name":"(anonymous_9)","decl":{"start":{"line":153,"column":32},"end":{"line":153,"column":33}},"loc":{"start":{"line":153,"column":46},"end":{"line":164,"column":17}},"line":153},"10":{"name":"(anonymous_10)","decl":{"start":{"line":157,"column":31},"end":{"line":157,"column":32}},"loc":{"start":{"line":157,"column":37},"end":{"line":157,"column":80}},"line":157},"11":{"name":"(anonymous_11)","decl":{"start":{"line":178,"column":26},"end":{"line":178,"column":27}},"loc":{"start":{"line":178,"column":31},"end":{"line":178,"column":73}},"line":178},"12":{"name":"(anonymous_12)","decl":{"start":{"line":210,"column":16},"end":{"line":210,"column":17}},"loc":{"start":{"line":210,"column":22},"end":{"line":210,"column":24}},"line":210},"13":{"name":"mapStateToProps","decl":{"start":{"line":216,"column":9},"end":{"line":216,"column":24}},"loc":{"start":{"line":216,"column":32},"end":{"line":220,"column":1}},"line":216}},"branchMap":{"0":{"loc":{"start":{"line":55,"column":4},"end":{"line":60,"column":5}},"type":"if","locations":[{"start":{"line":55,"column":4},"end":{"line":60,"column":5}},{"start":{"line":55,"column":4},"end":{"line":60,"column":5}}],"line":55},"1":{"loc":{"start":{"line":84,"column":4},"end":{"line":96,"column":5}},"type":"switch","locations":[{"start":{"line":85,"column":6},"end":{"line":85,"column":14}},{"start":{"line":86,"column":6},"end":{"line":88,"column":14}},{"start":{"line":89,"column":6},"end":{"line":91,"column":14}},{"start":{"line":92,"column":6},"end":{"line":95,"column":14}}],"line":84},"2":{"loc":{"start":{"line":132,"column":50},"end":{"line":132,"column":105}},"type":"cond-expr","locations":[{"start":{"line":132,"column":90},"end":{"line":132,"column":100}},{"start":{"line":132,"column":103},"end":{"line":132,"column":105}}],"line":132},"3":{"loc":{"start":{"line":147,"column":15},"end":{"line":150,"column":24}},"type":"binary-expr","locations":[{"start":{"line":147,"column":15},"end":{"line":147,"column":27}},{"start":{"line":148,"column":16},"end":{"line":150,"column":24}}],"line":147},"4":{"loc":{"start":{"line":154,"column":37},"end":{"line":154,"column":82}},"type":"cond-expr","locations":[{"start":{"line":154,"column":67},"end":{"line":154,"column":77}},{"start":{"line":154,"column":80},"end":{"line":154,"column":82}}],"line":154}},"s":{"0":1,"1":0,"2":0,"3":0,"4":0,"5":0,"6":0,"7":0,"8":0,"9":0,"10":0,"11":0,"12":0,"13":0,"14":0,"15":0,"16":0,"17":0,"18":0,"19":0,"20":0,"21":0,"22":0,"23":0,"24":0,"25":0,"26":0,"27":0,"28":0,"29":0,"30":0,"31":0,"32":0,"33":0,"34":0,"35":1,"36":1,"37":0},"f":{"0":0,"1":0,"2":0,"3":0,"4":0,"5":0,"6":0,"7":0,"8":0,"9":0,"10":0,"11":0,"12":0,"13":0},"b":{"0":[0,0],"1":[0,0,0,0],"2":[0,0],"3":[0,0],"4":[0,0]},"_coverageSchema":"332fd63041d2c1bcb487cc26dd0d5f7d97098a6c","hash":"2ecb8e8d66305e80b9ba41cb4edf2518cc0b6f50"}
,"/Users/Simo/Desktop/WEBDEV/bazaar-react/modules/SideBar/SideBar.js": {"path":"/Users/Simo/Desktop/WEBDEV/bazaar-react/modules/SideBar/SideBar.js","statementMap":{"0":{"start":{"line":10,"column":17},"end":{"line":35,"column":2}},"1":{"start":{"line":41,"column":47},"end":{"line":41,"column":57}},"2":{"start":{"line":42,"column":30},"end":{"line":42,"column":45}},"3":{"start":{"line":43,"column":4},"end":{"line":63,"column":6}},"4":{"start":{"line":66,"column":0},"end":{"line":72,"column":2}},"5":{"start":{"line":74,"column":0},"end":{"line":80,"column":2}},"6":{"start":{"line":83,"column":2},"end":{"line":86,"column":4}}},"fnMap":{"0":{"name":"(anonymous_0)","decl":{"start":{"line":40,"column":2},"end":{"line":40,"column":3}},"loc":{"start":{"line":40,"column":11},"end":{"line":64,"column":3}},"line":40},"1":{"name":"(anonymous_1)","decl":{"start":{"line":77,"column":17},"end":{"line":77,"column":18}},"loc":{"start":{"line":77,"column":23},"end":{"line":77,"column":25}},"line":77},"2":{"name":"mapStateToProps","decl":{"start":{"line":82,"column":9},"end":{"line":82,"column":24}},"loc":{"start":{"line":82,"column":35},"end":{"line":87,"column":1}},"line":82}},"branchMap":{"0":{"loc":{"start":{"line":44,"column":41},"end":{"line":44,"column":65}},"type":"cond-expr","locations":[{"start":{"line":44,"column":51},"end":{"line":44,"column":60}},{"start":{"line":44,"column":63},"end":{"line":44,"column":65}}],"line":44},"1":{"loc":{"start":{"line":47,"column":12},"end":{"line":53,"column":14}},"type":"binary-expr","locations":[{"start":{"line":47,"column":12},"end":{"line":47,"column":27}},{"start":{"line":48,"column":12},"end":{"line":53,"column":14}}],"line":47},"2":{"loc":{"start":{"line":49,"column":24},"end":{"line":49,"column":98}},"type":"cond-expr","locations":[{"start":{"line":49,"column":61},"end":{"line":49,"column":91}},{"start":{"line":49,"column":94},"end":{"line":49,"column":98}}],"line":49},"3":{"loc":{"start":{"line":55,"column":11},"end":{"line":55,"column":143}},"type":"binary-expr","locations":[{"start":{"line":55,"column":11},"end":{"line":55,"column":26}},{"start":{"line":55,"column":30},"end":{"line":55,"column":143}}],"line":55},"4":{"loc":{"start":{"line":56,"column":11},"end":{"line":56,"column":147}},"type":"binary-expr","locations":[{"start":{"line":56,"column":11},"end":{"line":56,"column":26}},{"start":{"line":56,"column":30},"end":{"line":56,"column":147}}],"line":56},"5":{"loc":{"start":{"line":57,"column":11},"end":{"line":57,"column":137}},"type":"binary-expr","locations":[{"start":{"line":57,"column":11},"end":{"line":57,"column":26}},{"start":{"line":57,"column":30},"end":{"line":57,"column":137}}],"line":57},"6":{"loc":{"start":{"line":59,"column":11},"end":{"line":59,"column":129}},"type":"binary-expr","locations":[{"start":{"line":59,"column":11},"end":{"line":59,"column":27}},{"start":{"line":59,"column":31},"end":{"line":59,"column":129}}],"line":59},"7":{"loc":{"start":{"line":60,"column":11},"end":{"line":60,"column":159}},"type":"binary-expr","locations":[{"start":{"line":60,"column":11},"end":{"line":60,"column":26}},{"start":{"line":60,"column":30},"end":{"line":60,"column":159}}],"line":60}},"s":{"0":1,"1":0,"2":0,"3":0,"4":1,"5":1,"6":0},"f":{"0":0,"1":0,"2":0},"b":{"0":[0,0],"1":[0,0],"2":[0,0],"3":[0,0],"4":[0,0],"5":[0,0],"6":[0,0],"7":[0,0]},"_coverageSchema":"332fd63041d2c1bcb487cc26dd0d5f7d97098a6c","hash":"375b3a90d51c6c2ab39dc17ca6694f83a372a68d"}
,"/Users/Simo/Desktop/WEBDEV/bazaar-react/modules/SideBarLink/SideBarLink.js": {"path":"/Users/Simo/Desktop/WEBDEV/bazaar-react/modules/SideBarLink/SideBarLink.js","statementMap":{"0":{"start":{"line":8,"column":58},"end":{"line":8,"column":68}},"1":{"start":{"line":9,"column":4},"end":{"line":16,"column":6}},"2":{"start":{"line":20,"column":0},"end":{"line":26,"column":2}},"3":{"start":{"line":28,"column":0},"end":{"line":34,"column":2}}},"fnMap":{"0":{"name":"(anonymous_0)","decl":{"start":{"line":7,"column":2},"end":{"line":7,"column":3}},"loc":{"start":{"line":7,"column":11},"end":{"line":17,"column":3}},"line":7},"1":{"name":"(anonymous_1)","decl":{"start":{"line":29,"column":11},"end":{"line":29,"column":12}},"loc":{"start":{"line":29,"column":17},"end":{"line":29,"column":19}},"line":29}},"branchMap":{},"s":{"0":0,"1":0,"2":1,"3":1},"f":{"0":0,"1":0},"b":{},"_coverageSchema":"332fd63041d2c1bcb487cc26dd0d5f7d97098a6c","hash":"d06eaa260a50d751d965dac28709802a62148407"}
,"/Users/Simo/Desktop/WEBDEV/bazaar-react/modules/UserCard/UserCard.js": {"path":"/Users/Simo/Desktop/WEBDEV/bazaar-react/modules/UserCard/UserCard.js","statementMap":{"0":{"start":{"line":11,"column":4},"end":{"line":15,"column":6}},"1":{"start":{"line":19,"column":52},"end":{"line":19,"column":62}},"2":{"start":{"line":20,"column":23},"end":{"line":22,"column":5}},"3":{"start":{"line":23,"column":4},"end":{"line":49,"column":6}},"4":{"start":{"line":34,"column":27},"end":{"line":34,"column":55}},"5":{"start":{"line":44,"column":43},"end":{"line":44,"column":69}},"6":{"start":{"line":53,"column":0},"end":{"line":57,"column":2}},"7":{"start":{"line":59,"column":0},"end":{"line":63,"column":2}}},"fnMap":{"0":{"name":"(anonymous_0)","decl":{"start":{"line":10,"column":2},"end":{"line":10,"column":3}},"loc":{"start":{"line":10,"column":24},"end":{"line":16,"column":3}},"line":10},"1":{"name":"(anonymous_1)","decl":{"start":{"line":18,"column":2},"end":{"line":18,"column":3}},"loc":{"start":{"line":18,"column":11},"end":{"line":50,"column":3}},"line":18},"2":{"name":"(anonymous_2)","decl":{"start":{"line":34,"column":21},"end":{"line":34,"column":22}},"loc":{"start":{"line":34,"column":27},"end":{"line":34,"column":55}},"line":34},"3":{"name":"(anonymous_3)","decl":{"start":{"line":44,"column":29},"end":{"line":44,"column":30}},"loc":{"start":{"line":44,"column":43},"end":{"line":44,"column":69}},"line":44},"4":{"name":"(anonymous_4)","decl":{"start":{"line":62,"column":21},"end":{"line":62,"column":22}},"loc":{"start":{"line":62,"column":27},"end":{"line":62,"column":29}},"line":62}},"branchMap":{"0":{"loc":{"start":{"line":29,"column":37},"end":{"line":29,"column":79}},"type":"cond-expr","locations":[{"start":{"line":29,"column":50},"end":{"line":29,"column":62}},{"start":{"line":29,"column":65},"end":{"line":29,"column":79}}],"line":29}},"s":{"0":0,"1":0,"2":0,"3":0,"4":0,"5":0,"6":1,"7":1},"f":{"0":0,"1":0,"2":0,"3":0,"4":0},"b":{"0":[0,0]},"_coverageSchema":"332fd63041d2c1bcb487cc26dd0d5f7d97098a6c","hash":"a488c451ec6fbaf08dd4b162274c9fa82397278d"}
,"/Users/Simo/Desktop/WEBDEV/bazaar-react/utils/actions.js": {"path":"/Users/Simo/Desktop/WEBDEV/bazaar-react/utils/actions.js","statementMap":{"0":{"start":{"line":5,"column":29},"end":{"line":5,"column":44}},"1":{"start":{"line":6,"column":29},"end":{"line":6,"column":44}},"2":{"start":{"line":7,"column":29},"end":{"line":7,"column":44}},"3":{"start":{"line":8,"column":30},"end":{"line":8,"column":46}},"4":{"start":{"line":9,"column":31},"end":{"line":9,"column":48}},"5":{"start":{"line":10,"column":32},"end":{"line":10,"column":50}},"6":{"start":{"line":11,"column":36},"end":{"line":11,"column":58}},"7":{"start":{"line":12,"column":37},"end":{"line":12,"column":60}},"8":{"start":{"line":13,"column":34},"end":{"line":13,"column":54}},"9":{"start":{"line":14,"column":35},"end":{"line":14,"column":56}},"10":{"start":{"line":15,"column":34},"end":{"line":15,"column":54}},"11":{"start":{"line":16,"column":37},"end":{"line":16,"column":60}},"12":{"start":{"line":17,"column":30},"end":{"line":17,"column":46}},"13":{"start":{"line":18,"column":42},"end":{"line":18,"column":70}},"14":{"start":{"line":19,"column":29},"end":{"line":19,"column":44}},"15":{"start":{"line":20,"column":41},"end":{"line":20,"column":68}},"16":{"start":{"line":21,"column":29},"end":{"line":21,"column":44}},"17":{"start":{"line":22,"column":30},"end":{"line":22,"column":46}},"18":{"start":{"line":23,"column":38},"end":{"line":23,"column":62}},"19":{"start":{"line":24,"column":39},"end":{"line":24,"column":64}},"20":{"start":{"line":25,"column":38},"end":{"line":25,"column":62}},"21":{"start":{"line":26,"column":35},"end":{"line":26,"column":56}},"22":{"start":{"line":27,"column":38},"end":{"line":27,"column":62}},"23":{"start":{"line":28,"column":40},"end":{"line":28,"column":66}},"24":{"start":{"line":29,"column":35},"end":{"line":29,"column":56}},"25":{"start":{"line":30,"column":38},"end":{"line":30,"column":62}},"26":{"start":{"line":31,"column":40},"end":{"line":31,"column":66}},"27":{"start":{"line":32,"column":30},"end":{"line":32,"column":46}},"28":{"start":{"line":33,"column":34},"end":{"line":33,"column":54}},"29":{"start":{"line":36,"column":17},"end":{"line":41,"column":5}},"30":{"start":{"line":42,"column":4},"end":{"line":45,"column":5}},"31":{"start":{"line":43,"column":8},"end":{"line":43,"column":60}},"32":{"start":{"line":44,"column":8},"end":{"line":44,"column":43}},"33":{"start":{"line":46,"column":4},"end":{"line":47,"column":38}},"34":{"start":{"line":47,"column":22},"end":{"line":47,"column":37}},"35":{"start":{"line":50,"column":35},"end":{"line":55,"column":1}},"36":{"start":{"line":51,"column":2},"end":{"line":54,"column":3}},"37":{"start":{"line":62,"column":4},"end":{"line":65,"column":5}},"38":{"start":{"line":63,"column":8},"end":{"line":63,"column":41}},"39":{"start":{"line":64,"column":8},"end":{"line":64,"column":40}},"40":{"start":{"line":70,"column":4},"end":{"line":74,"column":5}},"41":{"start":{"line":71,"column":8},"end":{"line":71,"column":41}},"42":{"start":{"line":72,"column":8},"end":{"line":73,"column":76}},"43":{"start":{"line":73,"column":31},"end":{"line":73,"column":75}},"44":{"start":{"line":78,"column":4},"end":{"line":85,"column":5}},"45":{"start":{"line":79,"column":8},"end":{"line":79,"column":40}},"46":{"start":{"line":80,"column":8},"end":{"line":84,"column":10}},"47":{"start":{"line":82,"column":12},"end":{"line":82,"column":56}},"48":{"start":{"line":83,"column":12},"end":{"line":83,"column":41}},"49":{"start":{"line":90,"column":4},"end":{"line":103,"column":5}},"50":{"start":{"line":91,"column":8},"end":{"line":91,"column":46}},"51":{"start":{"line":92,"column":8},"end":{"line":102,"column":10}},"52":{"start":{"line":94,"column":12},"end":{"line":101,"column":13}},"53":{"start":{"line":95,"column":16},"end":{"line":95,"column":34}},"54":{"start":{"line":97,"column":16},"end":{"line":100,"column":19}},"55":{"start":{"line":107,"column":4},"end":{"line":120,"column":5}},"56":{"start":{"line":108,"column":8},"end":{"line":108,"column":40}},"57":{"start":{"line":109,"column":8},"end":{"line":119,"column":11}},"58":{"start":{"line":111,"column":12},"end":{"line":118,"column":13}},"59":{"start":{"line":112,"column":16},"end":{"line":112,"column":34}},"60":{"start":{"line":114,"column":16},"end":{"line":117,"column":19}},"61":{"start":{"line":124,"column":4},"end":{"line":135,"column":5}},"62":{"start":{"line":125,"column":8},"end":{"line":134,"column":11}},"63":{"start":{"line":127,"column":12},"end":{"line":133,"column":13}},"64":{"start":{"line":128,"column":16},"end":{"line":128,"column":34}},"65":{"start":{"line":130,"column":16},"end":{"line":132,"column":17}},"66":{"start":{"line":131,"column":20},"end":{"line":131,"column":65}},"67":{"start":{"line":139,"column":4},"end":{"line":146,"column":5}},"68":{"start":{"line":140,"column":8},"end":{"line":143,"column":11}},"69":{"start":{"line":144,"column":8},"end":{"line":145,"column":55}},"70":{"start":{"line":145,"column":26},"end":{"line":145,"column":54}},"71":{"start":{"line":150,"column":4},"end":{"line":157,"column":5}},"72":{"start":{"line":151,"column":8},"end":{"line":154,"column":11}},"73":{"start":{"line":155,"column":8},"end":{"line":156,"column":55}},"74":{"start":{"line":156,"column":26},"end":{"line":156,"column":54}},"75":{"start":{"line":161,"column":4},"end":{"line":168,"column":5}},"76":{"start":{"line":162,"column":8},"end":{"line":162,"column":47}},"77":{"start":{"line":163,"column":8},"end":{"line":167,"column":12}},"78":{"start":{"line":164,"column":30},"end":{"line":167,"column":10}},"79":{"start":{"line":172,"column":4},"end":{"line":179,"column":5}},"80":{"start":{"line":173,"column":8},"end":{"line":173,"column":45}},"81":{"start":{"line":174,"column":8},"end":{"line":178,"column":12}},"82":{"start":{"line":175,"column":28},"end":{"line":178,"column":10}},"83":{"start":{"line":183,"column":4},"end":{"line":185,"column":5}},"84":{"start":{"line":189,"column":17},"end":{"line":195,"column":5}},"85":{"start":{"line":196,"column":4},"end":{"line":217,"column":5}},"86":{"start":{"line":197,"column":8},"end":{"line":199,"column":11}},"87":{"start":{"line":200,"column":8},"end":{"line":216,"column":39}},"88":{"start":{"line":201,"column":26},"end":{"line":201,"column":41}},"89":{"start":{"line":203,"column":12},"end":{"line":214,"column":13}},"90":{"start":{"line":204,"column":16},"end":{"line":204,"column":34}},"91":{"start":{"line":205,"column":16},"end":{"line":208,"column":18}},"92":{"start":{"line":210,"column":16},"end":{"line":213,"column":18}},"93":{"start":{"line":216,"column":22},"end":{"line":216,"column":38}},"94":{"start":{"line":221,"column":4},"end":{"line":237,"column":5}},"95":{"start":{"line":222,"column":8},"end":{"line":224,"column":11}},"96":{"start":{"line":225,"column":8},"end":{"line":236,"column":10}},"97":{"start":{"line":227,"column":12},"end":{"line":235,"column":13}},"98":{"start":{"line":228,"column":16},"end":{"line":228,"column":34}},"99":{"start":{"line":230,"column":16},"end":{"line":230,"column":49}},"100":{"start":{"line":231,"column":16},"end":{"line":233,"column":18}},"101":{"start":{"line":234,"column":16},"end":{"line":234,"column":42}},"102":{"start":{"line":241,"column":4},"end":{"line":243,"column":5}},"103":{"start":{"line":247,"column":4},"end":{"line":269,"column":5}},"104":{"start":{"line":248,"column":8},"end":{"line":250,"column":11}},"105":{"start":{"line":251,"column":8},"end":{"line":268,"column":10}},"106":{"start":{"line":253,"column":12},"end":{"line":267,"column":13}},"107":{"start":{"line":254,"column":16},"end":{"line":254,"column":34}},"108":{"start":{"line":255,"column":16},"end":{"line":258,"column":18}},"109":{"start":{"line":260,"column":16},"end":{"line":266,"column":18}},"110":{"start":{"line":273,"column":4},"end":{"line":275,"column":5}},"111":{"start":{"line":279,"column":4},"end":{"line":282,"column":5}},"112":{"start":{"line":280,"column":8},"end":{"line":280,"column":53}},"113":{"start":{"line":281,"column":8},"end":{"line":281,"column":60}},"114":{"start":{"line":286,"column":4},"end":{"line":311,"column":5}},"115":{"start":{"line":287,"column":8},"end":{"line":290,"column":11}},"116":{"start":{"line":291,"column":8},"end":{"line":310,"column":52}},"117":{"start":{"line":293,"column":12},"end":{"line":309,"column":13}},"118":{"start":{"line":296,"column":16},"end":{"line":299,"column":18}},"119":{"start":{"line":300,"column":16},"end":{"line":300,"column":43}},"120":{"start":{"line":303,"column":16},"end":{"line":303,"column":52}},"121":{"start":{"line":305,"column":16},"end":{"line":308,"column":18}},"122":{"start":{"line":310,"column":24},"end":{"line":310,"column":51}}},"fnMap":{"0":{"name":"callApi","decl":{"start":{"line":35,"column":9},"end":{"line":35,"column":16}},"loc":{"start":{"line":35,"column":51},"end":{"line":48,"column":1}},"line":35},"1":{"name":"(anonymous_1)","decl":{"start":{"line":47,"column":10},"end":{"line":47,"column":11}},"loc":{"start":{"line":47,"column":22},"end":{"line":47,"column":37}},"line":47},"2":{"name":"(anonymous_2)","decl":{"start":{"line":50,"column":35},"end":{"line":50,"column":36}},"loc":{"start":{"line":50,"column":47},"end":{"line":55,"column":1}},"line":50},"3":{"name":"requestLogout","decl":{"start":{"line":61,"column":16},"end":{"line":61,"column":29}},"loc":{"start":{"line":61,"column":33},"end":{"line":66,"column":1}},"line":61},"4":{"name":"(anonymous_4)","decl":{"start":{"line":62,"column":11},"end":{"line":62,"column":12}},"loc":{"start":{"line":62,"column":23},"end":{"line":65,"column":5}},"line":62},"5":{"name":"skillRequest","decl":{"start":{"line":69,"column":16},"end":{"line":69,"column":28}},"loc":{"start":{"line":69,"column":36},"end":{"line":75,"column":1}},"line":69},"6":{"name":"(anonymous_6)","decl":{"start":{"line":70,"column":11},"end":{"line":70,"column":12}},"loc":{"start":{"line":70,"column":23},"end":{"line":74,"column":5}},"line":70},"7":{"name":"(anonymous_7)","decl":{"start":{"line":73,"column":15},"end":{"line":73,"column":16}},"loc":{"start":{"line":73,"column":31},"end":{"line":73,"column":75}},"line":73},"8":{"name":"submitReview","decl":{"start":{"line":77,"column":16},"end":{"line":77,"column":28}},"loc":{"start":{"line":77,"column":36},"end":{"line":86,"column":1}},"line":77},"9":{"name":"(anonymous_9)","decl":{"start":{"line":78,"column":11},"end":{"line":78,"column":12}},"loc":{"start":{"line":78,"column":23},"end":{"line":85,"column":5}},"line":78},"10":{"name":"(anonymous_10)","decl":{"start":{"line":81,"column":15},"end":{"line":81,"column":16}},"loc":{"start":{"line":81,"column":31},"end":{"line":84,"column":9}},"line":81},"11":{"name":"loadProfile","decl":{"start":{"line":89,"column":16},"end":{"line":89,"column":27}},"loc":{"start":{"line":89,"column":33},"end":{"line":104,"column":1}},"line":89},"12":{"name":"(anonymous_12)","decl":{"start":{"line":90,"column":11},"end":{"line":90,"column":12}},"loc":{"start":{"line":90,"column":23},"end":{"line":103,"column":5}},"line":90},"13":{"name":"(anonymous_13)","decl":{"start":{"line":93,"column":14},"end":{"line":93,"column":15}},"loc":{"start":{"line":93,"column":33},"end":{"line":102,"column":9}},"line":93},"14":{"name":"loadUsers","decl":{"start":{"line":106,"column":16},"end":{"line":106,"column":25}},"loc":{"start":{"line":106,"column":34},"end":{"line":121,"column":1}},"line":106},"15":{"name":"(anonymous_15)","decl":{"start":{"line":107,"column":11},"end":{"line":107,"column":12}},"loc":{"start":{"line":107,"column":23},"end":{"line":120,"column":5}},"line":107},"16":{"name":"(anonymous_16)","decl":{"start":{"line":110,"column":14},"end":{"line":110,"column":15}},"loc":{"start":{"line":110,"column":34},"end":{"line":119,"column":9}},"line":110},"17":{"name":"getSurprise","decl":{"start":{"line":123,"column":16},"end":{"line":123,"column":27}},"loc":{"start":{"line":123,"column":31},"end":{"line":136,"column":1}},"line":123},"18":{"name":"(anonymous_18)","decl":{"start":{"line":124,"column":11},"end":{"line":124,"column":12}},"loc":{"start":{"line":124,"column":23},"end":{"line":135,"column":5}},"line":124},"19":{"name":"(anonymous_19)","decl":{"start":{"line":126,"column":14},"end":{"line":126,"column":15}},"loc":{"start":{"line":126,"column":33},"end":{"line":134,"column":9}},"line":126},"20":{"name":"updateTransaction","decl":{"start":{"line":138,"column":16},"end":{"line":138,"column":33}},"loc":{"start":{"line":138,"column":41},"end":{"line":147,"column":1}},"line":138},"21":{"name":"(anonymous_21)","decl":{"start":{"line":139,"column":11},"end":{"line":139,"column":12}},"loc":{"start":{"line":139,"column":23},"end":{"line":146,"column":5}},"line":139},"22":{"name":"(anonymous_22)","decl":{"start":{"line":145,"column":14},"end":{"line":145,"column":15}},"loc":{"start":{"line":145,"column":26},"end":{"line":145,"column":54}},"line":145},"23":{"name":"confirmTransaction","decl":{"start":{"line":149,"column":16},"end":{"line":149,"column":34}},"loc":{"start":{"line":149,"column":42},"end":{"line":158,"column":1}},"line":149},"24":{"name":"(anonymous_24)","decl":{"start":{"line":150,"column":11},"end":{"line":150,"column":12}},"loc":{"start":{"line":150,"column":23},"end":{"line":157,"column":5}},"line":150},"25":{"name":"(anonymous_25)","decl":{"start":{"line":156,"column":14},"end":{"line":156,"column":15}},"loc":{"start":{"line":156,"column":26},"end":{"line":156,"column":54}},"line":156},"26":{"name":"loadTransactions","decl":{"start":{"line":160,"column":16},"end":{"line":160,"column":32}},"loc":{"start":{"line":160,"column":36},"end":{"line":169,"column":1}},"line":160},"27":{"name":"(anonymous_27)","decl":{"start":{"line":161,"column":11},"end":{"line":161,"column":12}},"loc":{"start":{"line":161,"column":23},"end":{"line":168,"column":5}},"line":161},"28":{"name":"(anonymous_28)","decl":{"start":{"line":164,"column":14},"end":{"line":164,"column":15}},"loc":{"start":{"line":164,"column":30},"end":{"line":167,"column":10}},"line":164},"29":{"name":"loadCategories","decl":{"start":{"line":171,"column":16},"end":{"line":171,"column":30}},"loc":{"start":{"line":171,"column":34},"end":{"line":180,"column":1}},"line":171},"30":{"name":"(anonymous_30)","decl":{"start":{"line":172,"column":11},"end":{"line":172,"column":12}},"loc":{"start":{"line":172,"column":23},"end":{"line":179,"column":5}},"line":172},"31":{"name":"(anonymous_31)","decl":{"start":{"line":175,"column":14},"end":{"line":175,"column":15}},"loc":{"start":{"line":175,"column":28},"end":{"line":178,"column":10}},"line":175},"32":{"name":"clearProfileAlert","decl":{"start":{"line":182,"column":16},"end":{"line":182,"column":33}},"loc":{"start":{"line":182,"column":37},"end":{"line":186,"column":1}},"line":182},"33":{"name":"updateProfile","decl":{"start":{"line":188,"column":16},"end":{"line":188,"column":29}},"loc":{"start":{"line":188,"column":37},"end":{"line":218,"column":1}},"line":188},"34":{"name":"(anonymous_34)","decl":{"start":{"line":196,"column":11},"end":{"line":196,"column":12}},"loc":{"start":{"line":196,"column":23},"end":{"line":217,"column":5}},"line":196},"35":{"name":"(anonymous_35)","decl":{"start":{"line":201,"column":14},"end":{"line":201,"column":15}},"loc":{"start":{"line":201,"column":26},"end":{"line":201,"column":41}},"line":201},"36":{"name":"(anonymous_36)","decl":{"start":{"line":202,"column":14},"end":{"line":202,"column":15}},"loc":{"start":{"line":202,"column":33},"end":{"line":215,"column":9}},"line":202},"37":{"name":"(anonymous_37)","decl":{"start":{"line":216,"column":15},"end":{"line":216,"column":16}},"loc":{"start":{"line":216,"column":22},"end":{"line":216,"column":38}},"line":216},"38":{"name":"deleteAccount","decl":{"start":{"line":220,"column":16},"end":{"line":220,"column":29}},"loc":{"start":{"line":220,"column":33},"end":{"line":238,"column":1}},"line":220},"39":{"name":"(anonymous_39)","decl":{"start":{"line":221,"column":11},"end":{"line":221,"column":12}},"loc":{"start":{"line":221,"column":23},"end":{"line":237,"column":5}},"line":221},"40":{"name":"(anonymous_40)","decl":{"start":{"line":226,"column":14},"end":{"line":226,"column":15}},"loc":{"start":{"line":226,"column":33},"end":{"line":236,"column":9}},"line":226},"41":{"name":"clearContactAlert","decl":{"start":{"line":240,"column":16},"end":{"line":240,"column":33}},"loc":{"start":{"line":240,"column":37},"end":{"line":244,"column":1}},"line":240},"42":{"name":"submitContact","decl":{"start":{"line":246,"column":16},"end":{"line":246,"column":29}},"loc":{"start":{"line":246,"column":37},"end":{"line":270,"column":1}},"line":246},"43":{"name":"(anonymous_43)","decl":{"start":{"line":247,"column":11},"end":{"line":247,"column":12}},"loc":{"start":{"line":247,"column":23},"end":{"line":269,"column":5}},"line":247},"44":{"name":"(anonymous_44)","decl":{"start":{"line":252,"column":14},"end":{"line":252,"column":15}},"loc":{"start":{"line":252,"column":33},"end":{"line":268,"column":9}},"line":252},"45":{"name":"clearForgotEmail","decl":{"start":{"line":272,"column":16},"end":{"line":272,"column":32}},"loc":{"start":{"line":272,"column":36},"end":{"line":276,"column":1}},"line":272},"46":{"name":"forgotPasswordRequest","decl":{"start":{"line":278,"column":16},"end":{"line":278,"column":37}},"loc":{"start":{"line":278,"column":52},"end":{"line":283,"column":1}},"line":278},"47":{"name":"(anonymous_47)","decl":{"start":{"line":279,"column":11},"end":{"line":279,"column":12}},"loc":{"start":{"line":279,"column":23},"end":{"line":282,"column":5}},"line":279},"48":{"name":"loginUser","decl":{"start":{"line":285,"column":16},"end":{"line":285,"column":25}},"loc":{"start":{"line":285,"column":34},"end":{"line":312,"column":1}},"line":285},"49":{"name":"(anonymous_49)","decl":{"start":{"line":286,"column":11},"end":{"line":286,"column":12}},"loc":{"start":{"line":286,"column":23},"end":{"line":311,"column":5}},"line":286},"50":{"name":"(anonymous_50)","decl":{"start":{"line":292,"column":15},"end":{"line":292,"column":16}},"loc":{"start":{"line":292,"column":41},"end":{"line":310,"column":9}},"line":292},"51":{"name":"(anonymous_51)","decl":{"start":{"line":310,"column":17},"end":{"line":310,"column":18}},"loc":{"start":{"line":310,"column":24},"end":{"line":310,"column":51}},"line":310}},"branchMap":{"0":{"loc":{"start":{"line":35,"column":28},"end":{"line":35,"column":40}},"type":"default-arg","locations":[{"start":{"line":35,"column":35},"end":{"line":35,"column":40}}],"line":35},"1":{"loc":{"start":{"line":35,"column":42},"end":{"line":35,"column":49}},"type":"default-arg","locations":[{"start":{"line":35,"column":47},"end":{"line":35,"column":49}}],"line":35},"2":{"loc":{"start":{"line":42,"column":4},"end":{"line":45,"column":5}},"type":"if","locations":[{"start":{"line":42,"column":4},"end":{"line":45,"column":5}},{"start":{"line":42,"column":4},"end":{"line":45,"column":5}}],"line":42},"3":{"loc":{"start":{"line":94,"column":12},"end":{"line":101,"column":13}},"type":"if","locations":[{"start":{"line":94,"column":12},"end":{"line":101,"column":13}},{"start":{"line":94,"column":12},"end":{"line":101,"column":13}}],"line":94},"4":{"loc":{"start":{"line":111,"column":12},"end":{"line":118,"column":13}},"type":"if","locations":[{"start":{"line":111,"column":12},"end":{"line":118,"column":13}},{"start":{"line":111,"column":12},"end":{"line":118,"column":13}}],"line":111},"5":{"loc":{"start":{"line":127,"column":12},"end":{"line":133,"column":13}},"type":"if","locations":[{"start":{"line":127,"column":12},"end":{"line":133,"column":13}},{"start":{"line":127,"column":12},"end":{"line":133,"column":13}}],"line":127},"6":{"loc":{"start":{"line":130,"column":16},"end":{"line":132,"column":17}},"type":"if","locations":[{"start":{"line":130,"column":16},"end":{"line":132,"column":17}},{"start":{"line":130,"column":16},"end":{"line":132,"column":17}}],"line":130},"7":{"loc":{"start":{"line":203,"column":12},"end":{"line":214,"column":13}},"type":"if","locations":[{"start":{"line":203,"column":12},"end":{"line":214,"column":13}},{"start":{"line":203,"column":12},"end":{"line":214,"column":13}}],"line":203},"8":{"loc":{"start":{"line":227,"column":12},"end":{"line":235,"column":13}},"type":"if","locations":[{"start":{"line":227,"column":12},"end":{"line":235,"column":13}},{"start":{"line":227,"column":12},"end":{"line":235,"column":13}}],"line":227},"9":{"loc":{"start":{"line":253,"column":12},"end":{"line":267,"column":13}},"type":"if","locations":[{"start":{"line":253,"column":12},"end":{"line":267,"column":13}},{"start":{"line":253,"column":12},"end":{"line":267,"column":13}}],"line":253},"10":{"loc":{"start":{"line":293,"column":12},"end":{"line":309,"column":13}},"type":"if","locations":[{"start":{"line":293,"column":12},"end":{"line":309,"column":13}},{"start":{"line":293,"column":12},"end":{"line":309,"column":13}}],"line":293}},"s":{"0":2,"1":2,"2":2,"3":2,"4":2,"5":2,"6":2,"7":2,"8":2,"9":2,"10":2,"11":2,"12":2,"13":2,"14":2,"15":2,"16":2,"17":2,"18":2,"19":2,"20":2,"21":2,"22":2,"23":2,"24":2,"25":2,"26":2,"27":2,"28":2,"29":0,"30":0,"31":0,"32":0,"33":0,"34":0,"35":2,"36":0,"37":0,"38":0,"39":0,"40":0,"41":0,"42":0,"43":0,"44":0,"45":0,"46":0,"47":0,"48":0,"49":0,"50":0,"51":0,"52":0,"53":0,"54":0,"55":0,"56":0,"57":0,"58":0,"59":0,"60":0,"61":0,"62":0,"63":0,"64":0,"65":0,"66":0,"67":0,"68":0,"69":0,"70":0,"71":0,"72":0,"73":0,"74":0,"75":0,"76":0,"77":0,"78":0,"79":0,"80":0,"81":0,"82":0,"83":0,"84":0,"85":0,"86":0,"87":0,"88":0,"89":0,"90":0,"91":0,"92":0,"93":0,"94":0,"95":0,"96":0,"97":0,"98":0,"99":0,"100":0,"101":0,"102":0,"103":0,"104":0,"105":0,"106":0,"107":0,"108":0,"109":0,"110":0,"111":0,"112":0,"113":0,"114":0,"115":0,"116":0,"117":0,"118":0,"119":0,"120":0,"121":0,"122":0},"f":{"0":0,"1":0,"2":0,"3":0,"4":0,"5":0,"6":0,"7":0,"8":0,"9":0,"10":0,"11":0,"12":0,"13":0,"14":0,"15":0,"16":0,"17":0,"18":0,"19":0,"20":0,"21":0,"22":0,"23":0,"24":0,"25":0,"26":0,"27":0,"28":0,"29":0,"30":0,"31":0,"32":0,"33":0,"34":0,"35":0,"36":0,"37":0,"38":0,"39":0,"40":0,"41":0,"42":0,"43":0,"44":0,"45":0,"46":0,"47":0,"48":0,"49":0,"50":0,"51":0},"b":{"0":[0],"1":[0],"2":[0,0],"3":[0,0],"4":[0,0],"5":[0,0],"6":[0,0],"7":[0,0],"8":[0,0],"9":[0,0],"10":[0,0]},"_coverageSchema":"332fd63041d2c1bcb487cc26dd0d5f7d97098a6c","hash":"3e475afab410891c575b71a56acedb34c36e0ddb"}
}
