TN:
SF:/Users/Simo/Desktop/WEBDEV/bazaar-react/models/Enums.js
FNF:0
FNH:0
DA:1,2
DA:9,2
LF:2
LH:2
BRF:0
BRH:0
end_of_record
TN:
SF:/Users/Simo/Desktop/WEBDEV/bazaar-react/modules/AcceptanceModal/AcceptanceModal.js
FN:8,(anonymous_0)
FN:15,(anonymous_1)
FN:20,(anonymous_2)
FN:21,(anonymous_3)
FN:58,(anonymous_4)
FN:65,(anonymous_5)
FN:72,(anonymous_6)
FN:89,(anonymous_7)
FNF:8
FNH:2
FNDA:1,(anonymous_0)
FNDA:4,(anonymous_1)
FNDA:0,(anonymous_2)
FNDA:0,(anonymous_3)
FNDA:0,(anonymous_4)
FNDA:0,(anonymous_5)
FNDA:0,(anonymous_6)
FNDA:0,(anonymous_7)
DA:9,1
DA:10,1
DA:16,4
DA:17,4
DA:18,4
DA:20,0
DA:21,0
DA:58,0
DA:65,0
DA:72,0
DA:87,1
DA:92,1
LF:12
LH:7
BRF:0
BRH:0
end_of_record
TN:
SF:/Users/Simo/Desktop/WEBDEV/bazaar-react/modules/App/App.js
FN:15,(anonymous_0)
FN:22,(anonymous_1)
FN:31,(anonymous_2)
FN:41,(anonymous_3)
FN:59,(anonymous_4)
FN:73,(anonymous_5)
FNF:6
FNH:0
FNDA:0,(anonymous_0)
FNDA:0,(anonymous_1)
FNDA:0,(anonymous_2)
FNDA:0,(anonymous_3)
FNDA:0,(anonymous_4)
FNDA:0,(anonymous_5)
DA:16,0
DA:17,0
DA:23,0
DA:24,0
DA:25,0
DA:31,0
DA:41,0
DA:59,1
DA:63,1
DA:69,1
LF:10
LH:3
BRDA:36,0,0,0
BRDA:36,0,1,0
BRDA:36,0,2,0
BRF:3
BRH:0
end_of_record
TN:
SF:/Users/Simo/Desktop/WEBDEV/bazaar-react/modules/CardGrid/CardGrid.js
FN:14,(anonymous_0)
FN:18,(anonymous_1)
FN:30,(anonymous_2)
FN:36,(anonymous_3)
FN:44,(anonymous_4)
FN:46,(anonymous_5)
FN:71,(anonymous_6)
FN:73,(anonymous_7)
FN:74,(anonymous_8)
FNF:9
FNH:3
FNDA:1,(anonymous_0)
FNDA:0,(anonymous_1)
FNDA:0,(anonymous_2)
FNDA:3,(anonymous_3)
FNDA:0,(anonymous_4)
FNDA:0,(anonymous_5)
FNDA:1,(anonymous_6)
FNDA:0,(anonymous_7)
FNDA:0,(anonymous_8)
DA:7,1
DA:15,1
DA:19,0
DA:20,0
DA:21,0
DA:22,0
DA:23,0
DA:25,0
DA:27,0
DA:28,0
DA:30,0
DA:33,0
DA:37,3
DA:38,3
DA:39,1
DA:41,2
DA:45,0
DA:46,0
DA:59,1
DA:68,1
LF:20
LH:8
BRDA:22,0,0,0
BRDA:22,0,1,0
BRDA:27,1,0,0
BRDA:27,1,1,0
BRDA:38,2,0,1
BRDA:38,2,1,2
BRDA:38,3,0,3
BRDA:38,3,1,3
BRF:8
BRH:4
end_of_record
TN:
SF:/Users/Simo/Desktop/WEBDEV/bazaar-react/modules/CircularImage/CircularImage.js
FN:4,CircularImage
FNF:1
FNH:1
FNDA:2,CircularImage
DA:5,2
DA:6,2
DA:13,1
DA:17,1
LF:4
LH:4
BRF:0
BRH:0
end_of_record
TN:
SF:/Users/Simo/Desktop/WEBDEV/bazaar-react/modules/QueryBox/QueryBox.js
FN:41,(anonymous_0)
FN:52,(anonymous_1)
FN:57,(anonymous_2)
FN:59,(anonymous_3)
FN:66,(anonymous_4)
FN:67,(anonymous_5)
FN:70,(anonymous_6)
FN:74,(anonymous_7)
FN:75,(anonymous_8)
FN:80,(anonymous_9)
FN:83,(anonymous_10)
FN:104,(anonymous_11)
FN:110,(anonymous_12)
FN:124,(anonymous_13)
FN:125,(anonymous_14)
FN:133,(anonymous_15)
FN:140,(anonymous_16)
FN:147,(anonymous_17)
FN:157,(anonymous_18)
FN:171,(anonymous_19)
FN:172,(anonymous_20)
FN:187,(anonymous_21)
FN:188,(anonymous_22)
FN:193,(anonymous_23)
FNF:24
FNH:0
FNDA:0,(anonymous_0)
FNDA:0,(anonymous_1)
FNDA:0,(anonymous_2)
FNDA:0,(anonymous_3)
FNDA:0,(anonymous_4)
FNDA:0,(anonymous_5)
FNDA:0,(anonymous_6)
FNDA:0,(anonymous_7)
FNDA:0,(anonymous_8)
FNDA:0,(anonymous_9)
FNDA:0,(anonymous_10)
FNDA:0,(anonymous_11)
FNDA:0,(anonymous_12)
FNDA:0,(anonymous_13)
FNDA:0,(anonymous_14)
FNDA:0,(anonymous_15)
FNDA:0,(anonymous_16)
FNDA:0,(anonymous_17)
FNDA:0,(anonymous_18)
FNDA:0,(anonymous_19)
FNDA:0,(anonymous_20)
FNDA:0,(anonymous_21)
FNDA:0,(anonymous_22)
FNDA:0,(anonymous_23)
DA:15,1
DA:38,1
DA:42,0
DA:43,0
DA:49,0
DA:53,0
DA:54,0
DA:55,0
DA:56,0
DA:57,0
DA:60,0
DA:66,0
DA:67,0
DA:71,0
DA:74,0
DA:75,0
DA:80,0
DA:84,0
DA:85,0
DA:86,0
DA:106,0
DA:107,0
DA:110,0
DA:124,0
DA:125,0
DA:133,0
DA:141,0
DA:142,0
DA:144,0
DA:147,0
DA:157,0
DA:171,0
DA:172,0
DA:178,1
DA:185,1
DA:193,1
DA:194,0
LF:37
LH:5
BRDA:88,0,0,0
BRDA:88,0,1,0
BRDA:106,1,0,0
BRDA:106,1,1,0
BRDA:141,2,0,0
BRDA:141,2,1,0
BRF:6
BRH:0
end_of_record
TN:
SF:/Users/Simo/Desktop/WEBDEV/bazaar-react/modules/RequestButton/RequestButton.js
FN:26,(anonymous_0)
FN:40,(anonymous_1)
FN:46,(anonymous_2)
FN:52,(anonymous_3)
FN:79,(anonymous_4)
FN:94,(anonymous_5)
FN:94,(anonymous_6)
FN:127,(anonymous_7)
FN:131,(anonymous_8)
FN:153,(anonymous_9)
FN:157,(anonymous_10)
FN:178,(anonymous_11)
FN:210,(anonymous_12)
FN:216,mapStateToProps
FNF:14
FNH:0
FNDA:0,(anonymous_0)
FNDA:0,(anonymous_1)
FNDA:0,(anonymous_2)
FNDA:0,(anonymous_3)
FNDA:0,(anonymous_4)
FNDA:0,(anonymous_5)
FNDA:0,(anonymous_6)
FNDA:0,(anonymous_7)
FNDA:0,(anonymous_8)
FNDA:0,(anonymous_9)
FNDA:0,(anonymous_10)
FNDA:0,(anonymous_11)
FNDA:0,(anonymous_12)
FNDA:0,mapStateToProps
DA:10,1
DA:27,0
DA:28,0
DA:35,0
DA:36,0
DA:37,0
DA:41,0
DA:47,0
DA:53,0
DA:54,0
DA:55,0
DA:56,0
DA:59,0
DA:61,0
DA:72,0
DA:80,0
DA:81,0
DA:82,0
DA:83,0
DA:84,0
DA:87,0
DA:88,0
DA:90,0
DA:91,0
DA:93,0
DA:94,0
DA:95,0
DA:97,0
DA:128,0
DA:131,0
DA:154,0
DA:155,0
DA:157,0
DA:178,0
DA:202,1
DA:209,1
DA:217,0
LF:37
LH:3
BRDA:55,0,0,0
BRDA:55,0,1,0
BRDA:84,1,0,0
BRDA:84,1,1,0
BRDA:84,1,2,0
BRDA:84,1,3,0
BRDA:132,2,0,0
BRDA:132,2,1,0
BRDA:147,3,0,0
BRDA:147,3,1,0
BRDA:154,4,0,0
BRDA:154,4,1,0
BRF:12
BRH:0
end_of_record
TN:
SF:/Users/Simo/Desktop/WEBDEV/bazaar-react/modules/SideBar/SideBar.js
FN:40,(anonymous_0)
FN:77,(anonymous_1)
FN:82,mapStateToProps
FNF:3
FNH:0
FNDA:0,(anonymous_0)
FNDA:0,(anonymous_1)
FNDA:0,mapStateToProps
DA:10,1
DA:41,0
DA:42,0
DA:43,0
DA:66,1
DA:74,1
DA:83,0
LF:7
LH:3
BRDA:44,0,0,0
BRDA:44,0,1,0
BRDA:47,1,0,0
BRDA:47,1,1,0
BRDA:49,2,0,0
BRDA:49,2,1,0
BRDA:55,3,0,0
BRDA:55,3,1,0
BRDA:56,4,0,0
BRDA:56,4,1,0
BRDA:57,5,0,0
BRDA:57,5,1,0
BRDA:59,6,0,0
BRDA:59,6,1,0
BRDA:60,7,0,0
BRDA:60,7,1,0
BRF:16
BRH:0
end_of_record
TN:
SF:/Users/Simo/Desktop/WEBDEV/bazaar-react/modules/SideBarLink/SideBarLink.js
FN:7,(anonymous_0)
FN:29,(anonymous_1)
FNF:2
FNH:0
FNDA:0,(anonymous_0)
FNDA:0,(anonymous_1)
DA:8,0
DA:9,0
DA:20,1
DA:28,1
LF:4
LH:2
BRF:0
BRH:0
end_of_record
TN:
SF:/Users/Simo/Desktop/WEBDEV/bazaar-react/modules/UserCard/UserCard.js
FN:10,(anonymous_0)
FN:18,(anonymous_1)
FN:34,(anonymous_2)
FN:44,(anonymous_3)
FN:62,(anonymous_4)
FNF:5
FNH:0
FNDA:0,(anonymous_0)
FNDA:0,(anonymous_1)
FNDA:0,(anonymous_2)
FNDA:0,(anonymous_3)
FNDA:0,(anonymous_4)
DA:11,0
DA:19,0
DA:20,0
DA:23,0
DA:34,0
DA:44,0
DA:53,1
DA:59,1
LF:8
LH:2
BRDA:29,0,0,0
BRDA:29,0,1,0
BRF:2
BRH:0
end_of_record
TN:
SF:/Users/Simo/Desktop/WEBDEV/bazaar-react/utils/actions.js
FN:35,callApi
FN:47,(anonymous_1)
FN:50,(anonymous_2)
FN:61,requestLogout
FN:62,(anonymous_4)
FN:69,skillRequest
FN:70,(anonymous_6)
FN:73,(anonymous_7)
FN:77,submitReview
FN:78,(anonymous_9)
FN:81,(anonymous_10)
FN:89,loadProfile
FN:90,(anonymous_12)
FN:93,(anonymous_13)
FN:106,loadUsers
FN:107,(anonymous_15)
FN:110,(anonymous_16)
FN:123,getSurprise
FN:124,(anonymous_18)
FN:126,(anonymous_19)
FN:138,updateTransaction
FN:139,(anonymous_21)
FN:145,(anonymous_22)
FN:149,confirmTransaction
FN:150,(anonymous_24)
FN:156,(anonymous_25)
FN:160,loadTransactions
FN:161,(anonymous_27)
FN:164,(anonymous_28)
FN:171,loadCategories
FN:172,(anonymous_30)
FN:175,(anonymous_31)
FN:182,clearProfileAlert
FN:188,updateProfile
FN:196,(anonymous_34)
FN:201,(anonymous_35)
FN:202,(anonymous_36)
FN:216,(anonymous_37)
FN:220,deleteAccount
FN:221,(anonymous_39)
FN:226,(anonymous_40)
FN:240,clearContactAlert
FN:246,submitContact
FN:247,(anonymous_43)
FN:252,(anonymous_44)
FN:272,clearForgotEmail
FN:278,forgotPasswordRequest
FN:279,(anonymous_47)
FN:285,loginUser
FN:286,(anonymous_49)
FN:292,(anonymous_50)
FN:310,(anonymous_51)
FNF:52
FNH:0
FNDA:0,callApi
FNDA:0,(anonymous_1)
FNDA:0,(anonymous_2)
FNDA:0,requestLogout
FNDA:0,(anonymous_4)
FNDA:0,skillRequest
FNDA:0,(anonymous_6)
FNDA:0,(anonymous_7)
FNDA:0,submitReview
FNDA:0,(anonymous_9)
FNDA:0,(anonymous_10)
FNDA:0,loadProfile
FNDA:0,(anonymous_12)
FNDA:0,(anonymous_13)
FNDA:0,loadUsers
FNDA:0,(anonymous_15)
FNDA:0,(anonymous_16)
FNDA:0,getSurprise
FNDA:0,(anonymous_18)
FNDA:0,(anonymous_19)
FNDA:0,updateTransaction
FNDA:0,(anonymous_21)
FNDA:0,(anonymous_22)
FNDA:0,confirmTransaction
FNDA:0,(anonymous_24)
FNDA:0,(anonymous_25)
FNDA:0,loadTransactions
FNDA:0,(anonymous_27)
FNDA:0,(anonymous_28)
FNDA:0,loadCategories
FNDA:0,(anonymous_30)
FNDA:0,(anonymous_31)
FNDA:0,clearProfileAlert
FNDA:0,updateProfile
FNDA:0,(anonymous_34)
FNDA:0,(anonymous_35)
FNDA:0,(anonymous_36)
FNDA:0,(anonymous_37)
FNDA:0,deleteAccount
FNDA:0,(anonymous_39)
FNDA:0,(anonymous_40)
FNDA:0,clearContactAlert
FNDA:0,submitContact
FNDA:0,(anonymous_43)
FNDA:0,(anonymous_44)
FNDA:0,clearForgotEmail
FNDA:0,forgotPasswordRequest
FNDA:0,(anonymous_47)
FNDA:0,loginUser
FNDA:0,(anonymous_49)
FNDA:0,(anonymous_50)
FNDA:0,(anonymous_51)
DA:5,2
DA:6,2
DA:7,2
DA:8,2
DA:9,2
DA:10,2
DA:11,2
DA:12,2
DA:13,2
DA:14,2
DA:15,2
DA:16,2
DA:17,2
DA:18,2
DA:19,2
DA:20,2
DA:21,2
DA:22,2
DA:23,2
DA:24,2
DA:25,2
DA:26,2
DA:27,2
DA:28,2
DA:29,2
DA:30,2
DA:31,2
DA:32,2
DA:33,2
DA:36,0
DA:42,0
DA:43,0
DA:44,0
DA:46,0
DA:47,0
DA:50,2
DA:51,0
DA:62,0
DA:63,0
DA:64,0
DA:70,0
DA:71,0
DA:72,0
DA:73,0
DA:78,0
DA:79,0
DA:80,0
DA:82,0
DA:83,0
DA:90,0
DA:91,0
DA:92,0
DA:94,0
DA:95,0
DA:97,0
DA:107,0
DA:108,0
DA:109,0
DA:111,0
DA:112,0
DA:114,0
DA:124,0
DA:125,0
DA:127,0
DA:128,0
DA:130,0
DA:131,0
DA:139,0
DA:140,0
DA:144,0
DA:145,0
DA:150,0
DA:151,0
DA:155,0
DA:156,0
DA:161,0
DA:162,0
DA:163,0
DA:164,0
DA:172,0
DA:173,0
DA:174,0
DA:175,0
DA:183,0
DA:189,0
DA:196,0
DA:197,0
DA:200,0
DA:201,0
DA:203,0
DA:204,0
DA:205,0
DA:210,0
DA:216,0
DA:221,0
DA:222,0
DA:225,0
DA:227,0
DA:228,0
DA:230,0
DA:231,0
DA:234,0
DA:241,0
DA:247,0
DA:248,0
DA:251,0
DA:253,0
DA:254,0
DA:255,0
DA:260,0
DA:273,0
DA:279,0
DA:280,0
DA:281,0
DA:286,0
DA:287,0
DA:291,0
DA:293,0
DA:296,0
DA:300,0
DA:303,0
DA:305,0
DA:310,0
LF:123
LH:30
BRDA:35,0,0,0
BRDA:35,1,0,0
BRDA:42,2,0,0
BRDA:42,2,1,0
BRDA:94,3,0,0
BRDA:94,3,1,0
BRDA:111,4,0,0
BRDA:111,4,1,0
BRDA:127,5,0,0
BRDA:127,5,1,0
BRDA:130,6,0,0
BRDA:130,6,1,0
BRDA:203,7,0,0
BRDA:203,7,1,0
BRDA:227,8,0,0
BRDA:227,8,1,0
BRDA:253,9,0,0
BRDA:253,9,1,0
BRDA:293,10,0,0
BRDA:293,10,1,0
BRF:20
BRH:0
end_of_record
